2018-06-22 17:21:22.676 +08:00 [Information] Build custom component...
2018-06-22 17:21:27.991 +08:00 [Information] Build internal component...
2018-06-22 17:21:30.206 +08:00 [Information] Add start urls to scheduler, count 1.
2018-06-22 17:21:30.214 +08:00 [Verbose] Left 1 Success 0 Error 0 Total 1 Dowload 0 Extract 0 Pipeline 0
2018-06-22 17:21:36.599 +08:00 [Information] Crawl: https://news.cnblogs.com/n/page/1 success, results: 30, effectedRow: 30.
2018-06-22 17:21:37.604 +08:00 [Verbose] Left 1 Success 1 Error 0 Total 2 Dowload 468 Extract 310 Pipeline 2409
2018-06-22 17:21:37.742 +08:00 [Information] Crawl: https://news.cnblogs.com/n/page/2 success, results: 30, effectedRow: 30.
2018-06-22 17:21:38.744 +08:00 [Verbose] Left 1 Success 2 Error 0 Total 3 Dowload 259 Extract 162 Pipeline 1238
2018-06-22 17:21:44.258 +08:00 [Information] Crawl: https://news.cnblogs.com/n/page/3 success, results: 30, effectedRow: 30.
2018-06-22 17:21:45.260 +08:00 [Verbose] Left 1 Success 3 Error 0 Total 4 Dowload 2663 Extract 95 Pipeline 827
2018-06-22 17:21:45.353 +08:00 [Information] Crawl: https://news.cnblogs.com/n/page/4 success, results: 30, effectedRow: 30.
2018-06-22 17:21:46.354 +08:00 [Verbose] Left 1 Success 4 Error 0 Total 5 Dowload 1355 Extract 56 Pipeline 426
2018-06-22 17:21:46.452 +08:00 [Information] Crawl: https://news.cnblogs.com/n/page/5 success, results: 30, effectedRow: 30.
2018-06-22 17:24:12.842 +08:00 [Information] Build custom component...
2018-06-22 17:24:12.979 +08:00 [Information] Build internal component...
2018-06-22 17:24:13.092 +08:00 [Information] Add start urls to scheduler, count 1.
2018-06-22 17:24:13.096 +08:00 [Verbose] Left 1 Success 0 Error 0 Total 1 Dowload 0 Extract 0 Pipeline 0
2018-06-22 17:24:18.838 +08:00 [Information] Crawl: https://news.cnblogs.com/n/page/1 success, results: 30, effectedRow: 30.
2018-06-22 17:24:19.840 +08:00 [Verbose] Left 1 Success 1 Error 0 Total 2 Dowload 2709 Extract 68 Pipeline 76
2018-06-22 17:24:19.952 +08:00 [Information] Crawl: https://news.cnblogs.com/n/page/2 success, results: 30, effectedRow: 30.
2018-06-22 17:24:20.954 +08:00 [Verbose] Left 1 Success 2 Error 0 Total 3 Dowload 1382 Extract 43 Pipeline 56
2018-06-22 17:24:21.070 +08:00 [Information] Crawl: https://news.cnblogs.com/n/page/3 success, results: 30, effectedRow: 30.
2018-06-22 17:24:22.072 +08:00 [Verbose] Left 1 Success 3 Error 0 Total 4 Dowload 715 Extract 35 Pipeline 47
2018-06-22 17:24:22.171 +08:00 [Information] Crawl: https://news.cnblogs.com/n/page/4 success, results: 30, effectedRow: 30.
2018-06-22 17:24:23.173 +08:00 [Verbose] Left 1 Success 4 Error 0 Total 5 Dowload 378 Extract 30 Pipeline 38
2018-06-22 17:24:23.288 +08:00 [Information] Crawl: https://news.cnblogs.com/n/page/5 success, results: 30, effectedRow: 30.
2018-06-22 17:24:24.290 +08:00 [Verbose] Left 1 Success 5 Error 0 Total 6 Dowload 211 Extract 29 Pipeline 40
2018-06-22 17:24:24.397 +08:00 [Information] Crawl: https://news.cnblogs.com/n/page/6 success, results: 30, effectedRow: 30.
2018-06-22 17:24:25.399 +08:00 [Verbose] Left 1 Success 6 Error 0 Total 7 Dowload 136 Extract 25 Pipeline 31
2018-06-22 17:31:06.090 +08:00 [Information] Build custom component...
2018-06-22 17:33:02.986 +08:00 [Information] Build internal component...
2018-06-22 17:35:53.671 +08:00 [Information] Add start urls to scheduler, count 1.
2018-06-22 17:36:32.254 +08:00 [Verbose] Left 1 Success 0 Error 0 Total 1 Dowload 0 Extract 0 Pipeline 0
2018-06-22 17:36:42.502 +08:00 [Information] Crawl: https://news.cnblogs.com/n/page/1 success, results: 30, effectedRow: 30.
2018-06-22 17:36:43.504 +08:00 [Verbose] Left 1 Success 1 Error 0 Total 2 Dowload 159 Extract 75 Pipeline 70
2018-06-22 17:36:48.601 +08:00 [Information] Crawl: https://news.cnblogs.com/n/page/2 success, results: 30, effectedRow: 30.
2018-06-22 17:36:49.603 +08:00 [Verbose] Left 1 Success 2 Error 0 Total 3 Dowload 2602 Extract 45 Pipeline 51
2018-06-22 17:36:49.682 +08:00 [Information] Crawl: https://news.cnblogs.com/n/page/3 success, results: 30, effectedRow: 30.
2018-06-22 17:36:50.684 +08:00 [Verbose] Left 1 Success 3 Error 0 Total 4 Dowload 1326 Extract 32 Pipeline 29
2018-06-22 17:36:50.756 +08:00 [Information] Crawl: https://news.cnblogs.com/n/page/4 success, results: 30, effectedRow: 30.
2018-06-22 17:36:51.757 +08:00 [Verbose] Left 1 Success 4 Error 0 Total 5 Dowload 685 Extract 27 Pipeline 16
2018-06-22 17:36:51.838 +08:00 [Information] Crawl: https://news.cnblogs.com/n/page/5 success, results: 30, effectedRow: 30.
2018-06-22 17:36:52.838 +08:00 [Verbose] Left 1 Success 5 Error 0 Total 6 Dowload 365 Extract 29 Pipeline 8
2018-06-22 17:36:52.950 +08:00 [Information] Crawl: https://news.cnblogs.com/n/page/6 success, results: 30, effectedRow: 30.
2018-06-22 17:36:53.951 +08:00 [Verbose] Left 1 Success 6 Error 0 Total 7 Dowload 225 Extract 20 Pipeline 5
2018-06-22 17:36:54.031 +08:00 [Information] Crawl: https://news.cnblogs.com/n/page/7 success, results: 30, effectedRow: 30.
2018-06-22 17:36:55.033 +08:00 [Verbose] Left 1 Success 7 Error 0 Total 8 Dowload 136 Extract 24 Pipeline 4
2018-06-22 17:36:55.101 +08:00 [Information] Crawl: https://news.cnblogs.com/n/page/8 success, results: 30, effectedRow: 30.
2018-06-22 17:36:56.101 +08:00 [Verbose] Left 1 Success 8 Error 0 Total 9 Dowload 91 Extract 20 Pipeline 3
2018-06-22 17:36:56.197 +08:00 [Information] Crawl: https://news.cnblogs.com/n/page/9 success, results: 30, effectedRow: 30.
2018-06-22 17:36:57.198 +08:00 [Verbose] Left 1 Success 9 Error 0 Total 10 Dowload 76 Extract 25 Pipeline 3
2018-06-22 17:36:57.281 +08:00 [Information] Crawl: https://news.cnblogs.com/n/page/10 success, results: 30, effectedRow: 30.
2018-06-22 17:36:58.282 +08:00 [Verbose] Left 1 Success 10 Error 0 Total 11 Dowload 63 Extract 26 Pipeline 3
2018-06-22 17:36:58.369 +08:00 [Information] Crawl: https://news.cnblogs.com/n/page/11 success, results: 30, effectedRow: 30.
2018-06-22 17:36:59.374 +08:00 [Verbose] Left 1 Success 11 Error 0 Total 12 Dowload 55 Extract 29 Pipeline 4
2018-06-22 17:36:59.439 +08:00 [Information] Crawl: https://news.cnblogs.com/n/page/12 success, results: 30, effectedRow: 30.
2018-06-22 17:37:00.442 +08:00 [Verbose] Left 1 Success 12 Error 0 Total 13 Dowload 51 Extract 21 Pipeline 4
2018-06-22 17:37:00.501 +08:00 [Information] Crawl: https://news.cnblogs.com/n/page/13 success, results: 30, effectedRow: 30.
2018-06-22 17:37:01.501 +08:00 [Verbose] Left 1 Success 13 Error 0 Total 14 Dowload 47 Extract 16 Pipeline 3
2018-06-22 17:37:01.570 +08:00 [Information] Crawl: https://news.cnblogs.com/n/page/14 success, results: 30, effectedRow: 30.
2018-06-22 17:37:02.570 +08:00 [Verbose] Left 1 Success 14 Error 0 Total 15 Dowload 48 Extract 16 Pipeline 2
2018-06-22 17:37:02.661 +08:00 [Information] Crawl: https://news.cnblogs.com/n/page/15 success, results: 30, effectedRow: 30.
2018-06-22 17:37:03.662 +08:00 [Verbose] Left 1 Success 15 Error 0 Total 16 Dowload 51 Extract 24 Pipeline 2
2018-06-22 17:37:03.743 +08:00 [Information] Crawl: https://news.cnblogs.com/n/page/16 success, results: 30, effectedRow: 30.
2018-06-22 17:37:04.765 +08:00 [Verbose] Left 1 Success 16 Error 0 Total 17 Dowload 47 Extract 25 Pipeline 5
2018-06-22 17:37:04.836 +08:00 [Information] Crawl: https://news.cnblogs.com/n/page/17 success, results: 30, effectedRow: 30.
2018-06-22 17:37:05.836 +08:00 [Verbose] Left 1 Success 17 Error 0 Total 18 Dowload 48 Extract 20 Pipeline 3
2018-06-22 17:37:05.976 +08:00 [Information] Crawl: https://news.cnblogs.com/n/page/18 success, results: 30, effectedRow: 30.
2018-06-22 17:37:06.981 +08:00 [Verbose] Left 1 Success 18 Error 0 Total 19 Dowload 74 Extract 23 Pipeline 8
2018-06-22 17:37:07.046 +08:00 [Information] Crawl: https://news.cnblogs.com/n/page/19 success, results: 30, effectedRow: 30.
2018-06-22 17:37:08.047 +08:00 [Verbose] Left 1 Success 19 Error 0 Total 20 Dowload 62 Extract 17 Pipeline 5
2018-06-22 17:37:08.116 +08:00 [Information] Crawl: https://news.cnblogs.com/n/page/20 success, results: 30, effectedRow: 30.
2018-06-22 17:37:09.117 +08:00 [Verbose] Left 1 Success 20 Error 0 Total 21 Dowload 54 Extract 18 Pipeline 3
2018-06-22 17:37:09.197 +08:00 [Information] Crawl: https://news.cnblogs.com/n/page/21 success, results: 30, effectedRow: 30.
2018-06-22 17:37:10.198 +08:00 [Verbose] Left 1 Success 21 Error 0 Total 22 Dowload 52 Extract 21 Pipeline 3
2018-06-22 17:37:10.280 +08:00 [Information] Crawl: https://news.cnblogs.com/n/page/22 success, results: 30, effectedRow: 30.
2018-06-22 17:37:11.280 +08:00 [Verbose] Left 1 Success 22 Error 0 Total 23 Dowload 52 Extract 23 Pipeline 2
2018-06-22 17:37:11.386 +08:00 [Information] Crawl: https://news.cnblogs.com/n/page/23 success, results: 30, effectedRow: 30.
2018-06-22 17:37:12.387 +08:00 [Verbose] Left 1 Success 23 Error 0 Total 24 Dowload 51 Extract 25 Pipeline 14
2018-06-22 17:37:12.463 +08:00 [Information] Crawl: https://news.cnblogs.com/n/page/24 success, results: 30, effectedRow: 30.
2018-06-22 17:37:13.466 +08:00 [Verbose] Left 1 Success 24 Error 0 Total 25 Dowload 49 Extract 24 Pipeline 8
2018-06-22 17:37:13.543 +08:00 [Information] Crawl: https://news.cnblogs.com/n/page/25 success, results: 30, effectedRow: 30.
2018-06-22 17:37:14.544 +08:00 [Verbose] Left 1 Success 25 Error 0 Total 26 Dowload 48 Extract 24 Pipeline 6
2018-06-22 17:37:14.616 +08:00 [Information] Crawl: https://news.cnblogs.com/n/page/26 success, results: 30, effectedRow: 30.
2018-06-22 17:37:15.617 +08:00 [Verbose] Left 1 Success 26 Error 0 Total 27 Dowload 48 Extract 21 Pipeline 4
2018-06-22 17:37:15.772 +08:00 [Information] Crawl: https://news.cnblogs.com/n/page/27 success, results: 30, effectedRow: 30.
2018-06-22 17:37:16.772 +08:00 [Verbose] Left 1 Success 27 Error 0 Total 28 Dowload 88 Extract 21 Pipeline 3
2018-06-22 17:37:16.851 +08:00 [Information] Crawl: https://news.cnblogs.com/n/page/28 success, results: 30, effectedRow: 30.
2018-06-22 17:37:17.851 +08:00 [Verbose] Left 1 Success 28 Error 0 Total 29 Dowload 68 Extract 23 Pipeline 3
2018-06-22 17:37:17.929 +08:00 [Information] Crawl: https://news.cnblogs.com/n/page/29 success, results: 30, effectedRow: 30.
2018-06-22 17:37:18.930 +08:00 [Verbose] Left 1 Success 29 Error 0 Total 30 Dowload 60 Extract 23 Pipeline 2
2018-06-22 17:37:19.035 +08:00 [Information] Crawl: https://news.cnblogs.com/n/page/30 success, results: 30, effectedRow: 30.
2018-06-22 17:37:20.036 +08:00 [Verbose] Left 1 Success 30 Error 0 Total 31 Dowload 57 Extract 34 Pipeline 2
2018-06-22 17:37:20.139 +08:00 [Information] Crawl: https://news.cnblogs.com/n/page/31 success, results: 30, effectedRow: 30.
2018-06-22 17:37:21.140 +08:00 [Verbose] Left 1 Success 31 Error 0 Total 32 Dowload 63 Extract 31 Pipeline 2
2018-06-22 17:37:21.237 +08:00 [Information] Crawl: https://news.cnblogs.com/n/page/32 success, results: 30, effectedRow: 30.
2018-06-22 17:37:22.238 +08:00 [Verbose] Left 1 Success 32 Error 0 Total 33 Dowload 69 Extract 24 Pipeline 2
2018-06-22 17:37:22.329 +08:00 [Information] Crawl: https://news.cnblogs.com/n/page/33 success, results: 30, effectedRow: 30.
2018-06-22 17:37:23.330 +08:00 [Verbose] Left 1 Success 33 Error 0 Total 34 Dowload 63 Extract 26 Pipeline 3
2018-06-22 17:37:23.464 +08:00 [Information] Crawl: https://news.cnblogs.com/n/page/34 success, results: 30, effectedRow: 30.
2018-06-22 17:37:24.466 +08:00 [Verbose] Left 1 Success 34 Error 0 Total 35 Dowload 83 Extract 26 Pipeline 2
2018-06-22 17:37:24.550 +08:00 [Information] Crawl: https://news.cnblogs.com/n/page/35 success, results: 30, effectedRow: 30.
2018-06-22 17:37:25.551 +08:00 [Verbose] Left 1 Success 35 Error 0 Total 36 Dowload 68 Extract 25 Pipeline 2
2018-06-22 17:37:25.663 +08:00 [Information] Crawl: https://news.cnblogs.com/n/page/36 success, results: 30, effectedRow: 30.
2018-06-22 17:37:26.664 +08:00 [Verbose] Left 1 Success 36 Error 0 Total 37 Dowload 81 Extract 19 Pipeline 2
2018-06-22 17:37:31.750 +08:00 [Information] Crawl: https://news.cnblogs.com/n/page/37 success, results: 30, effectedRow: 30.
2018-06-22 17:37:32.751 +08:00 [Verbose] Left 1 Success 37 Error 0 Total 38 Dowload 2566 Extract 24 Pipeline 2
2018-06-22 17:37:32.856 +08:00 [Information] Crawl: https://news.cnblogs.com/n/page/38 success, results: 30, effectedRow: 30.
2018-06-22 17:37:33.857 +08:00 [Verbose] Left 1 Success 38 Error 0 Total 39 Dowload 1323 Extract 22 Pipeline 2
2018-06-22 17:37:38.939 +08:00 [Information] Crawl: https://news.cnblogs.com/n/page/39 success, results: 30, effectedRow: 30.
2018-06-22 17:37:39.940 +08:00 [Verbose] Left 1 Success 39 Error 0 Total 40 Dowload 3188 Extract 23 Pipeline 2
2018-06-22 17:37:45.061 +08:00 [Information] Crawl: https://news.cnblogs.com/n/page/40 success, results: 30, effectedRow: 30.
2018-06-22 17:37:46.061 +08:00 [Verbose] Left 1 Success 40 Error 0 Total 41 Dowload 4142 Extract 21 Pipeline 2
2018-06-22 17:37:46.147 +08:00 [Information] Crawl: https://news.cnblogs.com/n/page/41 success, results: 30, effectedRow: 30.
2018-06-22 17:37:47.167 +08:00 [Verbose] Left 1 Success 41 Error 0 Total 42 Dowload 2100 Extract 21 Pipeline 9
2018-06-22 17:37:47.268 +08:00 [Information] Crawl: https://news.cnblogs.com/n/page/42 success, results: 30, effectedRow: 30.
2018-06-22 17:37:48.269 +08:00 [Verbose] Left 1 Success 42 Error 0 Total 43 Dowload 1087 Extract 22 Pipeline 5
2018-06-22 17:37:48.353 +08:00 [Information] Crawl: https://news.cnblogs.com/n/page/43 success, results: 30, effectedRow: 30.
2018-06-22 17:37:49.354 +08:00 [Verbose] Left 1 Success 43 Error 0 Total 44 Dowload 570 Extract 24 Pipeline 3
2018-06-22 17:37:54.430 +08:00 [Information] Crawl: https://news.cnblogs.com/n/page/44 success, results: 30, effectedRow: 30.
2018-06-22 17:37:55.430 +08:00 [Verbose] Left 1 Success 44 Error 0 Total 45 Dowload 2808 Extract 24 Pipeline 2
2018-06-22 17:37:55.516 +08:00 [Information] Crawl: https://news.cnblogs.com/n/page/45 success, results: 30, effectedRow: 30.
2018-06-22 17:37:56.517 +08:00 [Verbose] Left 1 Success 45 Error 0 Total 46 Dowload 1431 Extract 26 Pipeline 2
2018-06-22 17:37:56.602 +08:00 [Information] Crawl: https://news.cnblogs.com/n/page/46 success, results: 30, effectedRow: 30.
2018-06-22 17:37:57.603 +08:00 [Verbose] Left 1 Success 46 Error 0 Total 47 Dowload 741 Extract 24 Pipeline 5
2018-06-22 17:37:57.785 +08:00 [Information] Crawl: https://news.cnblogs.com/n/page/47 success, results: 30, effectedRow: 30.
2018-06-22 17:37:58.787 +08:00 [Verbose] Left 1 Success 47 Error 0 Total 48 Dowload 442 Extract 28 Pipeline 4
2018-06-22 17:37:58.860 +08:00 [Information] Crawl: https://news.cnblogs.com/n/page/48 success, results: 30, effectedRow: 30.
2018-06-22 17:37:59.861 +08:00 [Verbose] Left 1 Success 48 Error 0 Total 49 Dowload 245 Extract 24 Pipeline 3
2018-06-22 17:37:59.940 +08:00 [Information] Crawl: https://news.cnblogs.com/n/page/49 success, results: 30, effectedRow: 30.
2018-06-22 17:38:00.941 +08:00 [Verbose] Left 1 Success 49 Error 0 Total 50 Dowload 147 Extract 24 Pipeline 2
2018-06-22 17:38:01.030 +08:00 [Information] Crawl: https://news.cnblogs.com/n/page/50 success, results: 30, effectedRow: 30.
2018-06-22 17:38:02.031 +08:00 [Verbose] Left 1 Success 50 Error 0 Total 51 Dowload 105 Extract 22 Pipeline 2
2018-06-22 17:38:02.124 +08:00 [Information] Crawl: https://news.cnblogs.com/n/page/51 success, results: 30, effectedRow: 30.
2018-06-22 17:38:03.126 +08:00 [Verbose] Left 1 Success 51 Error 0 Total 52 Dowload 83 Extract 25 Pipeline 2
2018-06-22 17:38:03.209 +08:00 [Information] Crawl: https://news.cnblogs.com/n/page/52 success, results: 30, effectedRow: 30.
2018-06-22 17:38:04.210 +08:00 [Verbose] Left 1 Success 52 Error 0 Total 53 Dowload 67 Extract 26 Pipeline 2
2018-06-22 17:38:09.295 +08:00 [Information] Crawl: https://news.cnblogs.com/n/page/53 success, results: 30, effectedRow: 30.
2018-06-22 17:38:10.296 +08:00 [Verbose] Left 1 Success 53 Error 0 Total 54 Dowload 2558 Extract 28 Pipeline 2
2018-06-22 17:38:10.379 +08:00 [Information] Crawl: https://news.cnblogs.com/n/page/54 success, results: 30, effectedRow: 30.
2018-06-22 17:38:11.381 +08:00 [Verbose] Left 1 Success 54 Error 0 Total 55 Dowload 1306 Extract 26 Pipeline 2
2018-06-22 17:38:11.468 +08:00 [Information] Crawl: https://news.cnblogs.com/n/page/55 success, results: 30, effectedRow: 30.
2018-06-22 17:38:12.470 +08:00 [Verbose] Left 1 Success 55 Error 0 Total 56 Dowload 681 Extract 26 Pipeline 2
2018-06-22 17:38:12.565 +08:00 [Information] Crawl: https://news.cnblogs.com/n/page/56 success, results: 30, effectedRow: 30.
2018-06-22 17:38:13.566 +08:00 [Verbose] Left 1 Success 56 Error 0 Total 57 Dowload 369 Extract 29 Pipeline 3
2018-06-22 17:38:13.653 +08:00 [Information] Crawl: https://news.cnblogs.com/n/page/57 success, results: 30, effectedRow: 30.
2018-06-22 17:38:14.654 +08:00 [Verbose] Left 1 Success 57 Error 0 Total 58 Dowload 214 Extract 26 Pipeline 3
2018-06-22 17:38:14.746 +08:00 [Information] Crawl: https://news.cnblogs.com/n/page/58 success, results: 30, effectedRow: 30.
2018-06-22 17:38:15.747 +08:00 [Verbose] Left 1 Success 58 Error 0 Total 59 Dowload 136 Extract 28 Pipeline 2
2018-06-22 17:38:15.838 +08:00 [Information] Crawl: https://news.cnblogs.com/n/page/59 success, results: 30, effectedRow: 30.
2018-06-22 17:38:16.840 +08:00 [Verbose] Left 1 Success 59 Error 0 Total 60 Dowload 95 Extract 28 Pipeline 4
2018-06-22 17:38:21.926 +08:00 [Information] Crawl: https://news.cnblogs.com/n/page/60 success, results: 30, effectedRow: 30.
2018-06-22 17:38:22.927 +08:00 [Verbose] Left 1 Success 60 Error 0 Total 61 Dowload 2575 Extract 27 Pipeline 3
2018-06-22 17:38:23.077 +08:00 [Information] Crawl: https://news.cnblogs.com/n/page/61 success, results: 30, effectedRow: 30.
2018-06-22 17:38:24.078 +08:00 [Verbose] Left 1 Success 61 Error 0 Total 62 Dowload 1346 Extract 27 Pipeline 3
2018-06-22 17:38:24.165 +08:00 [Information] Crawl: https://news.cnblogs.com/n/page/62 success, results: 30, effectedRow: 30.
2018-06-22 17:38:25.166 +08:00 [Verbose] Left 1 Success 62 Error 0 Total 63 Dowload 699 Extract 29 Pipeline 2
2018-06-22 17:38:25.257 +08:00 [Information] Crawl: https://news.cnblogs.com/n/page/63 success, results: 30, effectedRow: 30.
2018-06-22 17:38:26.258 +08:00 [Verbose] Left 1 Success 63 Error 0 Total 64 Dowload 376 Extract 31 Pipeline 2
2018-06-22 17:38:26.371 +08:00 [Information] Crawl: https://news.cnblogs.com/n/page/64 success, results: 30, effectedRow: 30.
2018-06-22 17:38:27.372 +08:00 [Verbose] Left 1 Success 64 Error 0 Total 65 Dowload 228 Extract 29 Pipeline 2
2018-06-22 17:38:27.446 +08:00 [Information] Crawl: https://news.cnblogs.com/n/page/65 success, results: 30, effectedRow: 30.
2018-06-22 17:38:28.447 +08:00 [Verbose] Left 1 Success 65 Error 0 Total 66 Dowload 142 Extract 20 Pipeline 2
2018-06-22 17:38:28.517 +08:00 [Information] Crawl: https://news.cnblogs.com/n/page/66 success, results: 30, effectedRow: 30.
2018-06-22 17:38:29.518 +08:00 [Verbose] Left 1 Success 66 Error 0 Total 67 Dowload 96 Extract 18 Pipeline 1
2018-06-22 17:38:29.607 +08:00 [Information] Crawl: https://news.cnblogs.com/n/page/67 success, results: 30, effectedRow: 30.
2018-06-22 17:38:30.608 +08:00 [Verbose] Left 1 Success 67 Error 0 Total 68 Dowload 83 Extract 16 Pipeline 1
2018-06-22 17:38:30.682 +08:00 [Information] Crawl: https://news.cnblogs.com/n/page/68 success, results: 30, effectedRow: 30.
2018-06-22 17:38:31.682 +08:00 [Verbose] Left 1 Success 68 Error 0 Total 69 Dowload 69 Extract 15 Pipeline 1
2018-06-22 17:38:31.759 +08:00 [Information] Crawl: https://news.cnblogs.com/n/page/69 success, results: 30, effectedRow: 30.
2018-06-22 17:38:32.760 +08:00 [Verbose] Left 1 Success 69 Error 0 Total 70 Dowload 58 Extract 20 Pipeline 1
2018-06-22 17:42:01.542 +08:00 [Information] Build custom component...
2018-06-22 17:42:04.679 +08:00 [Information] Build internal component...
2018-06-22 17:42:11.682 +08:00 [Information] Add start urls to scheduler, count 1.
2018-06-22 17:42:39.895 +08:00 [Verbose] Left 1 Success 0 Error 0 Total 1 Dowload 0 Extract 0 Pipeline 0
2018-06-22 17:44:53.971 +08:00 [Information] Crawl: https://news.cnblogs.com/n/page/1 success, results: 30, effectedRow: 30.
2018-06-22 17:45:05.509 +08:00 [Verbose] Left 1 Success 1 Error 0 Total 2 Dowload 17982 Extract 7941 Pipeline 8048
