2018-06-20 13:39:27.324 +08:00 [Information] Build custom component...
2018-06-20 13:39:27.473 +08:00 [Information] Build internal component...
2018-06-20 13:39:27.619 +08:00 [Information] Add start urls to scheduler, count 1.
2018-06-20 13:39:27.624 +08:00 [Verbose] Left 1 Success 0 Error 0 Total 1 Dowload 0 Extract 0 Pipeline 0
2018-06-20 14:02:11.736 +08:00 [Information] Build custom component...
2018-06-20 14:02:12.087 +08:00 [Information] Build internal component...
2018-06-20 14:02:12.264 +08:00 [Information] Add start urls to scheduler, count 1.
2018-06-20 14:02:12.268 +08:00 [Verbose] Left 1 Success 0 Error 0 Total 1 Dowload 0 Extract 0 Pipeline 0
2018-06-20 14:02:13.634 +08:00 [Information] Crawl: https://news.cnblogs.com/n/page/1 success, results: 30, effectedRow: 30.
2018-06-20 14:02:14.636 +08:00 [Verbose] Left 1 Success 1 Error 0 Total 2 Dowload 501 Extract 176 Pipeline 3
2018-06-20 14:02:14.742 +08:00 [Information] Crawl: https://news.cnblogs.com/n/page/2 success, results: 30, effectedRow: 30.
2018-06-20 14:02:15.743 +08:00 [Verbose] Left 1 Success 2 Error 0 Total 3 Dowload 289 Extract 101 Pipeline 1
2018-06-20 14:02:15.818 +08:00 [Information] Crawl: https://news.cnblogs.com/n/page/3 success, results: 30, effectedRow: 30.
2018-06-20 14:02:16.820 +08:00 [Verbose] Left 1 Success 3 Error 0 Total 4 Dowload 167 Extract 64 Pipeline 1
2018-06-20 14:02:16.908 +08:00 [Information] Crawl: https://news.cnblogs.com/n/page/4 success, results: 30, effectedRow: 30.
2018-06-20 14:02:17.910 +08:00 [Verbose] Left 1 Success 4 Error 0 Total 5 Dowload 109 Extract 48 Pipeline 1
2018-06-20 14:02:17.972 +08:00 [Information] Crawl: https://news.cnblogs.com/n/page/5 success, results: 30, effectedRow: 30.
2018-06-20 14:02:18.973 +08:00 [Verbose] Left 1 Success 5 Error 0 Total 6 Dowload 78 Extract 30 Pipeline 1
2018-06-20 14:02:19.042 +08:00 [Information] Crawl: https://news.cnblogs.com/n/page/6 success, results: 30, effectedRow: 30.
2018-06-20 14:02:20.044 +08:00 [Verbose] Left 1 Success 6 Error 0 Total 7 Dowload 62 Extract 24 Pipeline 1
2018-06-20 14:02:20.164 +08:00 [Information] Crawl: https://news.cnblogs.com/n/page/7 success, results: 30, effectedRow: 30.
2018-06-20 14:02:21.165 +08:00 [Verbose] Left 1 Success 7 Error 0 Total 8 Dowload 81 Extract 20 Pipeline 1
2018-06-20 14:02:21.231 +08:00 [Information] Crawl: https://news.cnblogs.com/n/page/8 success, results: 30, effectedRow: 30.
2018-06-20 14:02:22.232 +08:00 [Verbose] Left 1 Success 8 Error 0 Total 9 Dowload 66 Extract 16 Pipeline 1
2018-06-20 14:02:22.317 +08:00 [Information] Crawl: https://news.cnblogs.com/n/page/9 success, results: 30, effectedRow: 30.
2018-06-20 14:02:23.320 +08:00 [Verbose] Left 1 Success 9 Error 0 Total 10 Dowload 58 Extract 23 Pipeline 1
2018-06-20 14:02:23.405 +08:00 [Information] Crawl: https://news.cnblogs.com/n/page/10 success, results: 30, effectedRow: 30.
2018-06-20 14:02:24.407 +08:00 [Verbose] Left 1 Success 10 Error 0 Total 11 Dowload 58 Extract 23 Pipeline 1
2018-06-20 14:02:24.484 +08:00 [Information] Crawl: https://news.cnblogs.com/n/page/11 success, results: 30, effectedRow: 30.
2018-06-20 14:02:25.489 +08:00 [Verbose] Left 1 Success 11 Error 0 Total 12 Dowload 54 Extract 23 Pipeline 2
2018-06-20 14:02:25.566 +08:00 [Information] Crawl: https://news.cnblogs.com/n/page/12 success, results: 30, effectedRow: 30.
2018-06-20 14:02:26.566 +08:00 [Verbose] Left 1 Success 12 Error 0 Total 13 Dowload 55 Extract 20 Pipeline 1
2018-06-20 14:02:26.639 +08:00 [Information] Crawl: https://news.cnblogs.com/n/page/13 success, results: 30, effectedRow: 30.
2018-06-20 14:02:27.640 +08:00 [Verbose] Left 1 Success 13 Error 0 Total 14 Dowload 54 Extract 18 Pipeline 1
2018-06-20 14:02:27.712 +08:00 [Information] Crawl: https://news.cnblogs.com/n/page/14 success, results: 30, effectedRow: 30.
2018-06-20 14:02:28.714 +08:00 [Verbose] Left 1 Success 14 Error 0 Total 15 Dowload 53 Extract 17 Pipeline 1
2018-06-20 14:02:28.804 +08:00 [Information] Crawl: https://news.cnblogs.com/n/page/15 success, results: 30, effectedRow: 30.
2018-06-20 14:02:29.807 +08:00 [Verbose] Left 1 Success 15 Error 0 Total 16 Dowload 54 Extract 24 Pipeline 2
2018-06-20 14:02:29.876 +08:00 [Information] Crawl: https://news.cnblogs.com/n/page/16 success, results: 30, effectedRow: 30.
2018-06-20 14:02:30.877 +08:00 [Verbose] Left 1 Success 16 Error 0 Total 17 Dowload 53 Extract 19 Pipeline 1
2018-06-20 14:02:30.989 +08:00 [Information] Crawl: https://news.cnblogs.com/n/page/17 success, results: 30, effectedRow: 30.
2018-06-20 14:02:31.991 +08:00 [Verbose] Left 1 Success 17 Error 0 Total 18 Dowload 58 Extract 21 Pipeline 1
2018-06-20 14:02:32.064 +08:00 [Information] Crawl: https://news.cnblogs.com/n/page/18 success, results: 30, effectedRow: 30.
2018-06-20 14:02:33.066 +08:00 [Verbose] Left 1 Success 18 Error 0 Total 19 Dowload 57 Extract 18 Pipeline 1
2018-06-20 14:02:33.151 +08:00 [Information] Crawl: https://news.cnblogs.com/n/page/19 success, results: 30, effectedRow: 30.
2018-06-20 14:02:34.155 +08:00 [Verbose] Left 1 Success 19 Error 0 Total 20 Dowload 59 Extract 20 Pipeline 1
2018-06-20 14:02:34.242 +08:00 [Information] Crawl: https://news.cnblogs.com/n/page/20 success, results: 30, effectedRow: 30.
2018-06-20 14:02:35.244 +08:00 [Verbose] Left 1 Success 20 Error 0 Total 21 Dowload 56 Extract 25 Pipeline 1
2018-06-20 14:02:35.342 +08:00 [Information] Crawl: https://news.cnblogs.com/n/page/21 success, results: 30, effectedRow: 30.
2018-06-20 14:02:36.356 +08:00 [Verbose] Left 1 Success 21 Error 0 Total 22 Dowload 54 Extract 33 Pipeline 7
2018-06-20 14:02:36.427 +08:00 [Information] Crawl: https://news.cnblogs.com/n/page/22 success, results: 30, effectedRow: 30.
2018-06-20 14:02:37.428 +08:00 [Verbose] Left 1 Success 22 Error 0 Total 23 Dowload 51 Extract 24 Pipeline 4
2018-06-20 14:02:37.520 +08:00 [Information] Crawl: https://news.cnblogs.com/n/page/23 success, results: 30, effectedRow: 30.
2018-06-20 14:02:38.522 +08:00 [Verbose] Left 1 Success 23 Error 0 Total 24 Dowload 54 Extract 28 Pipeline 2
2018-06-20 14:02:38.593 +08:00 [Information] Crawl: https://news.cnblogs.com/n/page/24 success, results: 30, effectedRow: 30.
2018-06-20 14:02:39.595 +08:00 [Verbose] Left 1 Success 24 Error 0 Total 25 Dowload 53 Extract 21 Pipeline 1
2018-06-20 14:02:39.669 +08:00 [Information] Crawl: https://news.cnblogs.com/n/page/25 success, results: 30, effectedRow: 30.
2018-06-20 14:02:40.682 +08:00 [Verbose] Left 1 Success 25 Error 0 Total 26 Dowload 53 Extract 19 Pipeline 1
2018-06-20 14:02:40.780 +08:00 [Information] Crawl: https://news.cnblogs.com/n/page/26 success, results: 30, effectedRow: 30.
2018-06-20 14:02:41.781 +08:00 [Verbose] Left 1 Success 26 Error 0 Total 27 Dowload 61 Extract 23 Pipeline 1
2018-06-20 14:02:41.873 +08:00 [Information] Crawl: https://news.cnblogs.com/n/page/27 success, results: 30, effectedRow: 30.
2018-06-20 14:02:42.879 +08:00 [Verbose] Left 1 Success 27 Error 0 Total 28 Dowload 57 Extract 29 Pipeline 3
2018-06-20 14:02:42.951 +08:00 [Information] Crawl: https://news.cnblogs.com/n/page/28 success, results: 30, effectedRow: 30.
2018-06-20 14:02:43.953 +08:00 [Verbose] Left 1 Success 28 Error 0 Total 29 Dowload 54 Extract 22 Pipeline 2
2018-06-20 14:02:44.034 +08:00 [Information] Crawl: https://news.cnblogs.com/n/page/29 success, results: 30, effectedRow: 30.
2018-06-20 14:02:45.036 +08:00 [Verbose] Left 1 Success 29 Error 0 Total 30 Dowload 54 Extract 23 Pipeline 2
2018-06-20 14:02:45.112 +08:00 [Information] Crawl: https://news.cnblogs.com/n/page/30 success, results: 30, effectedRow: 30.
2018-06-20 14:02:46.114 +08:00 [Verbose] Left 1 Success 30 Error 0 Total 31 Dowload 50 Extract 24 Pipeline 2
2018-06-20 14:02:46.202 +08:00 [Information] Crawl: https://news.cnblogs.com/n/page/31 success, results: 30, effectedRow: 30.
2018-06-20 14:02:47.206 +08:00 [Verbose] Left 1 Success 31 Error 0 Total 32 Dowload 58 Extract 21 Pipeline 1
2018-06-20 14:02:47.291 +08:00 [Information] Crawl: https://news.cnblogs.com/n/page/32 success, results: 30, effectedRow: 30.
2018-06-20 14:02:48.293 +08:00 [Verbose] Left 1 Success 32 Error 0 Total 33 Dowload 57 Extract 23 Pipeline 1
2018-06-20 14:02:48.405 +08:00 [Information] Crawl: https://news.cnblogs.com/n/page/33 success, results: 30, effectedRow: 30.
2018-06-20 14:02:49.406 +08:00 [Verbose] Left 1 Success 33 Error 0 Total 34 Dowload 66 Extract 29 Pipeline 1
2018-06-20 14:02:49.479 +08:00 [Information] Crawl: https://news.cnblogs.com/n/page/34 success, results: 30, effectedRow: 30.
2018-06-20 14:02:50.480 +08:00 [Verbose] Left 1 Success 34 Error 0 Total 35 Dowload 60 Extract 22 Pipeline 0
2018-06-20 14:02:50.566 +08:00 [Information] Crawl: https://news.cnblogs.com/n/page/35 success, results: 30, effectedRow: 30.
2018-06-20 14:02:51.571 +08:00 [Verbose] Left 1 Success 35 Error 0 Total 36 Dowload 61 Extract 21 Pipeline 2
2018-06-20 14:02:51.685 +08:00 [Information] Crawl: https://news.cnblogs.com/n/page/36 success, results: 30, effectedRow: 30.
2018-06-20 14:02:52.687 +08:00 [Verbose] Left 1 Success 36 Error 0 Total 37 Dowload 74 Extract 23 Pipeline 1
2018-06-20 14:02:52.777 +08:00 [Information] Crawl: https://news.cnblogs.com/n/page/37 success, results: 30, effectedRow: 30.
2018-06-20 14:02:53.780 +08:00 [Verbose] Left 1 Success 37 Error 0 Total 38 Dowload 64 Extract 28 Pipeline 1
2018-06-20 14:02:53.850 +08:00 [Information] Crawl: https://news.cnblogs.com/n/page/38 success, results: 30, effectedRow: 30.
2018-06-20 14:02:54.851 +08:00 [Verbose] Left 1 Success 38 Error 0 Total 39 Dowload 58 Extract 22 Pipeline 1
2018-06-20 14:02:54.947 +08:00 [Information] Crawl: https://news.cnblogs.com/n/page/39 success, results: 30, effectedRow: 30.
2018-06-20 14:02:55.952 +08:00 [Verbose] Left 1 Success 39 Error 0 Total 40 Dowload 59 Extract 27 Pipeline 2
2018-06-20 14:02:56.023 +08:00 [Information] Crawl: https://news.cnblogs.com/n/page/40 success, results: 30, effectedRow: 30.
2018-06-20 14:02:57.034 +08:00 [Verbose] Left 1 Success 40 Error 0 Total 41 Dowload 56 Extract 21 Pipeline 1
2018-06-20 14:02:57.118 +08:00 [Information] Crawl: https://news.cnblogs.com/n/page/41 success, results: 30, effectedRow: 30.
2018-06-20 14:02:58.119 +08:00 [Verbose] Left 1 Success 41 Error 0 Total 42 Dowload 59 Extract 18 Pipeline 0
2018-06-20 14:02:58.207 +08:00 [Information] Crawl: https://news.cnblogs.com/n/page/42 success, results: 30, effectedRow: 30.
2018-06-20 14:02:59.209 +08:00 [Verbose] Left 1 Success 42 Error 0 Total 43 Dowload 56 Extract 23 Pipeline 1
2018-06-20 14:02:59.291 +08:00 [Information] Crawl: https://news.cnblogs.com/n/page/43 success, results: 30, effectedRow: 30.
2018-06-20 14:03:00.292 +08:00 [Verbose] Left 1 Success 43 Error 0 Total 44 Dowload 55 Extract 23 Pipeline 1
2018-06-20 14:03:00.377 +08:00 [Information] Crawl: https://news.cnblogs.com/n/page/44 success, results: 30, effectedRow: 30.
2018-06-20 14:03:01.378 +08:00 [Verbose] Left 1 Success 44 Error 0 Total 45 Dowload 55 Extract 24 Pipeline 1
2018-06-20 14:03:01.457 +08:00 [Information] Crawl: https://news.cnblogs.com/n/page/45 success, results: 30, effectedRow: 30.
2018-06-20 14:03:02.459 +08:00 [Verbose] Left 1 Success 45 Error 0 Total 46 Dowload 56 Extract 21 Pipeline 1
2018-06-20 14:03:02.532 +08:00 [Information] Crawl: https://news.cnblogs.com/n/page/46 success, results: 30, effectedRow: 30.
2018-06-20 14:03:03.534 +08:00 [Verbose] Left 1 Success 46 Error 0 Total 47 Dowload 55 Extract 18 Pipeline 1
2018-06-20 14:03:03.622 +08:00 [Information] Crawl: https://news.cnblogs.com/n/page/47 success, results: 30, effectedRow: 30.
2018-06-20 14:03:04.625 +08:00 [Verbose] Left 1 Success 47 Error 0 Total 48 Dowload 58 Extract 21 Pipeline 1
2018-06-20 14:03:04.710 +08:00 [Information] Crawl: https://news.cnblogs.com/n/page/48 success, results: 30, effectedRow: 30.
2018-06-20 14:03:05.716 +08:00 [Verbose] Left 1 Success 48 Error 0 Total 49 Dowload 56 Extract 24 Pipeline 3
2018-06-20 14:03:05.793 +08:00 [Information] Crawl: https://news.cnblogs.com/n/page/49 success, results: 30, effectedRow: 30.
2018-06-20 14:03:06.794 +08:00 [Verbose] Left 1 Success 49 Error 0 Total 50 Dowload 57 Extract 20 Pipeline 1
2018-06-20 14:03:06.883 +08:00 [Information] Crawl: https://news.cnblogs.com/n/page/50 success, results: 30, effectedRow: 30.
2018-06-20 14:03:07.884 +08:00 [Verbose] Left 1 Success 50 Error 0 Total 51 Dowload 58 Extract 23 Pipeline 1
2018-06-20 14:03:07.958 +08:00 [Information] Crawl: https://news.cnblogs.com/n/page/51 success, results: 30, effectedRow: 30.
2018-06-20 14:03:08.961 +08:00 [Verbose] Left 1 Success 51 Error 0 Total 52 Dowload 58 Extract 18 Pipeline 1
2018-06-20 14:03:09.059 +08:00 [Information] Crawl: https://news.cnblogs.com/n/page/52 success, results: 30, effectedRow: 30.
2018-06-20 14:03:10.062 +08:00 [Verbose] Left 1 Success 52 Error 0 Total 53 Dowload 62 Extract 23 Pipeline 1
2018-06-20 14:03:10.147 +08:00 [Information] Crawl: https://news.cnblogs.com/n/page/53 success, results: 30, effectedRow: 30.
2018-06-20 14:03:11.150 +08:00 [Verbose] Left 1 Success 53 Error 0 Total 54 Dowload 58 Extract 25 Pipeline 2
2018-06-20 14:03:11.228 +08:00 [Information] Crawl: https://news.cnblogs.com/n/page/54 success, results: 30, effectedRow: 30.
2018-06-20 14:03:12.230 +08:00 [Verbose] Left 1 Success 54 Error 0 Total 55 Dowload 61 Extract 18 Pipeline 1
2018-06-20 14:03:12.317 +08:00 [Information] Crawl: https://news.cnblogs.com/n/page/55 success, results: 30, effectedRow: 30.
2018-06-20 14:03:13.319 +08:00 [Verbose] Left 1 Success 55 Error 0 Total 56 Dowload 60 Extract 21 Pipeline 1
2018-06-20 14:03:13.409 +08:00 [Information] Crawl: https://news.cnblogs.com/n/page/56 success, results: 30, effectedRow: 30.
2018-06-20 14:03:14.413 +08:00 [Verbose] Left 1 Success 56 Error 0 Total 57 Dowload 58 Extract 26 Pipeline 2
2018-06-20 14:03:14.484 +08:00 [Information] Crawl: https://news.cnblogs.com/n/page/57 success, results: 30, effectedRow: 30.
2018-06-20 14:03:15.486 +08:00 [Verbose] Left 1 Success 57 Error 0 Total 58 Dowload 57 Extract 19 Pipeline 1
2018-06-20 14:03:15.574 +08:00 [Information] Crawl: https://news.cnblogs.com/n/page/58 success, results: 30, effectedRow: 30.
2018-06-20 14:03:16.577 +08:00 [Verbose] Left 1 Success 58 Error 0 Total 59 Dowload 57 Extract 24 Pipeline 1
2018-06-20 14:03:16.653 +08:00 [Information] Crawl: https://news.cnblogs.com/n/page/59 success, results: 30, effectedRow: 30.
2018-06-20 14:03:17.655 +08:00 [Verbose] Left 1 Success 59 Error 0 Total 60 Dowload 57 Extract 19 Pipeline 1
2018-06-20 14:03:17.735 +08:00 [Information] Crawl: https://news.cnblogs.com/n/page/60 success, results: 30, effectedRow: 30.
2018-06-20 14:03:18.737 +08:00 [Verbose] Left 1 Success 60 Error 0 Total 61 Dowload 58 Extract 18 Pipeline 1
2018-06-20 14:03:18.809 +08:00 [Information] Crawl: https://news.cnblogs.com/n/page/61 success, results: 30, effectedRow: 30.
2018-06-20 14:03:19.811 +08:00 [Verbose] Left 1 Success 61 Error 0 Total 62 Dowload 56 Extract 15 Pipeline 1
2018-06-20 14:03:19.888 +08:00 [Information] Crawl: https://news.cnblogs.com/n/page/62 success, results: 30, effectedRow: 30.
2018-06-20 14:03:20.890 +08:00 [Verbose] Left 1 Success 62 Error 0 Total 63 Dowload 56 Extract 17 Pipeline 1
2018-06-20 14:03:20.961 +08:00 [Information] Crawl: https://news.cnblogs.com/n/page/63 success, results: 30, effectedRow: 30.
2018-06-20 14:03:21.963 +08:00 [Verbose] Left 1 Success 63 Error 0 Total 64 Dowload 54 Extract 16 Pipeline 1
2018-06-20 14:03:22.037 +08:00 [Information] Crawl: https://news.cnblogs.com/n/page/64 success, results: 30, effectedRow: 30.
2018-06-20 14:03:23.038 +08:00 [Verbose] Left 1 Success 64 Error 0 Total 65 Dowload 56 Extract 14 Pipeline 1
2018-06-20 14:03:23.132 +08:00 [Information] Crawl: https://news.cnblogs.com/n/page/65 success, results: 30, effectedRow: 30.
2018-06-20 14:03:24.135 +08:00 [Verbose] Left 1 Success 65 Error 0 Total 66 Dowload 58 Extract 23 Pipeline 1
2018-06-20 14:03:24.208 +08:00 [Information] Crawl: https://news.cnblogs.com/n/page/66 success, results: 30, effectedRow: 30.
2018-06-20 14:03:25.210 +08:00 [Verbose] Left 1 Success 66 Error 0 Total 67 Dowload 57 Extract 18 Pipeline 1
2018-06-20 14:03:25.302 +08:00 [Information] Crawl: https://news.cnblogs.com/n/page/67 success, results: 30, effectedRow: 30.
2018-06-20 14:03:26.304 +08:00 [Verbose] Left 1 Success 67 Error 0 Total 68 Dowload 56 Extract 25 Pipeline 1
2018-06-20 14:03:26.404 +08:00 [Information] Crawl: https://news.cnblogs.com/n/page/68 success, results: 30, effectedRow: 30.
2018-06-20 14:03:27.406 +08:00 [Verbose] Left 1 Success 68 Error 0 Total 69 Dowload 60 Extract 29 Pipeline 1
2018-06-20 14:03:27.478 +08:00 [Information] Crawl: https://news.cnblogs.com/n/page/69 success, results: 30, effectedRow: 30.
2018-06-20 14:03:28.482 +08:00 [Verbose] Left 1 Success 69 Error 0 Total 70 Dowload 58 Extract 21 Pipeline 2
2018-06-20 14:03:28.573 +08:00 [Information] Crawl: https://news.cnblogs.com/n/page/70 success, results: 30, effectedRow: 30.
2018-06-20 14:03:29.575 +08:00 [Verbose] Left 1 Success 70 Error 0 Total 71 Dowload 58 Extract 25 Pipeline 1
2018-06-20 14:03:29.654 +08:00 [Information] Crawl: https://news.cnblogs.com/n/page/71 success, results: 30, effectedRow: 30.
2018-06-20 14:03:30.656 +08:00 [Verbose] Left 1 Success 71 Error 0 Total 72 Dowload 58 Extract 20 Pipeline 1
2018-06-20 14:03:30.727 +08:00 [Information] Crawl: https://news.cnblogs.com/n/page/72 success, results: 30, effectedRow: 30.
2018-06-20 14:03:31.730 +08:00 [Verbose] Left 1 Success 72 Error 0 Total 73 Dowload 57 Extract 16 Pipeline 1
2018-06-20 14:03:31.825 +08:00 [Information] Crawl: https://news.cnblogs.com/n/page/73 success, results: 30, effectedRow: 30.
2018-06-20 14:03:32.827 +08:00 [Verbose] Left 1 Success 73 Error 0 Total 74 Dowload 61 Extract 22 Pipeline 1
2018-06-20 14:03:32.951 +08:00 [Information] Crawl: https://news.cnblogs.com/n/page/74 success, results: 30, effectedRow: 30.
2018-06-20 14:03:33.955 +08:00 [Verbose] Left 1 Success 74 Error 0 Total 75 Dowload 76 Extract 25 Pipeline 0
2018-06-20 14:03:34.099 +08:00 [Information] Crawl: https://news.cnblogs.com/n/page/75 success, results: 30, effectedRow: 30.
2018-06-20 14:03:35.106 +08:00 [Verbose] Left 1 Success 75 Error 0 Total 76 Dowload 67 Extract 53 Pipeline 2
2018-06-20 14:03:35.187 +08:00 [Information] Crawl: https://news.cnblogs.com/n/page/76 success, results: 30, effectedRow: 30.
2018-06-20 14:03:36.190 +08:00 [Verbose] Left 1 Success 76 Error 0 Total 77 Dowload 64 Extract 34 Pipeline 2
2018-06-20 14:03:36.279 +08:00 [Information] Crawl: https://news.cnblogs.com/n/page/77 success, results: 30, effectedRow: 30.
2018-06-20 14:03:37.286 +08:00 [Verbose] Left 1 Success 77 Error 0 Total 78 Dowload 62 Extract 29 Pipeline 1
2018-06-20 14:03:37.372 +08:00 [Information] Crawl: https://news.cnblogs.com/n/page/78 success, results: 30, effectedRow: 30.
2018-06-20 14:03:38.373 +08:00 [Verbose] Left 1 Success 78 Error 0 Total 79 Dowload 66 Extract 21 Pipeline 0
2018-06-20 14:03:38.475 +08:00 [Information] Crawl: https://news.cnblogs.com/n/page/79 success, results: 30, effectedRow: 30.
2018-06-20 14:03:39.477 +08:00 [Verbose] Left 1 Success 79 Error 0 Total 80 Dowload 68 Extract 25 Pipeline 0
2018-06-20 14:03:39.573 +08:00 [Information] Crawl: https://news.cnblogs.com/n/page/80 success, results: 30, effectedRow: 30.
2018-06-20 14:03:40.575 +08:00 [Verbose] Left 1 Success 80 Error 0 Total 81 Dowload 64 Extract 29 Pipeline 1
2018-06-20 14:03:40.653 +08:00 [Information] Crawl: https://news.cnblogs.com/n/page/81 success, results: 30, effectedRow: 30.
2018-06-20 14:03:41.654 +08:00 [Verbose] Left 1 Success 81 Error 0 Total 82 Dowload 62 Extract 23 Pipeline 0
2018-06-20 14:03:41.747 +08:00 [Information] Crawl: https://news.cnblogs.com/n/page/82 success, results: 30, effectedRow: 30.
2018-06-20 14:03:42.748 +08:00 [Verbose] Left 1 Success 82 Error 0 Total 83 Dowload 63 Extract 24 Pipeline 0
2018-06-20 14:03:42.826 +08:00 [Information] Crawl: https://news.cnblogs.com/n/page/83 success, results: 30, effectedRow: 30.
2018-06-20 14:03:43.829 +08:00 [Verbose] Left 1 Success 83 Error 0 Total 84 Dowload 61 Extract 19 Pipeline 0
2018-06-20 14:03:43.941 +08:00 [Information] Crawl: https://news.cnblogs.com/n/page/84 success, results: 30, effectedRow: 30.
2018-06-20 14:03:44.942 +08:00 [Verbose] Left 1 Success 84 Error 0 Total 85 Dowload 66 Extract 29 Pipeline 0
2018-06-20 14:03:45.023 +08:00 [Information] Crawl: https://news.cnblogs.com/n/page/85 success, results: 30, effectedRow: 30.
2018-06-20 14:03:46.025 +08:00 [Verbose] Left 1 Success 85 Error 0 Total 86 Dowload 63 Extract 23 Pipeline 0
2018-06-20 14:03:46.109 +08:00 [Information] Crawl: https://news.cnblogs.com/n/page/86 success, results: 30, effectedRow: 30.
2018-06-20 14:03:47.111 +08:00 [Verbose] Left 1 Success 86 Error 0 Total 87 Dowload 61 Extract 22 Pipeline 1
2018-06-20 14:03:47.226 +08:00 [Information] Crawl: https://news.cnblogs.com/n/page/87 success, results: 30, effectedRow: 30.
2018-06-20 14:03:48.237 +08:00 [Verbose] Left 1 Success 87 Error 0 Total 88 Dowload 59 Extract 38 Pipeline 4
2018-06-20 14:03:48.327 +08:00 [Information] Crawl: https://news.cnblogs.com/n/page/88 success, results: 30, effectedRow: 30.
2018-06-20 14:03:49.330 +08:00 [Verbose] Left 1 Success 88 Error 0 Total 89 Dowload 58 Extract 33 Pipeline 3
2018-06-20 14:03:49.422 +08:00 [Information] Crawl: https://news.cnblogs.com/n/page/89 success, results: 30, effectedRow: 30.
2018-06-20 14:03:50.423 +08:00 [Verbose] Left 1 Success 89 Error 0 Total 90 Dowload 60 Extract 25 Pipeline 1
2018-06-20 14:03:50.515 +08:00 [Information] Crawl: https://news.cnblogs.com/n/page/90 success, results: 30, effectedRow: 30.
2018-06-20 14:03:51.525 +08:00 [Verbose] Left 1 Success 90 Error 0 Total 91 Dowload 59 Extract 27 Pipeline 5
2018-06-20 14:03:51.601 +08:00 [Information] Crawl: https://news.cnblogs.com/n/page/91 success, results: 30, effectedRow: 30.
2018-06-20 14:03:52.603 +08:00 [Verbose] Left 1 Success 91 Error 0 Total 92 Dowload 56 Extract 23 Pipeline 3
2018-06-20 14:03:52.694 +08:00 [Information] Crawl: https://news.cnblogs.com/n/page/92 success, results: 30, effectedRow: 30.
2018-06-20 14:03:53.696 +08:00 [Verbose] Left 1 Success 92 Error 0 Total 93 Dowload 58 Extract 24 Pipeline 2
2018-06-20 14:03:53.787 +08:00 [Information] Crawl: https://news.cnblogs.com/n/page/93 success, results: 30, effectedRow: 30.
2018-06-20 14:03:54.789 +08:00 [Verbose] Left 1 Success 93 Error 0 Total 94 Dowload 58 Extract 27 Pipeline 2
2018-06-20 14:03:54.882 +08:00 [Information] Crawl: https://news.cnblogs.com/n/page/94 success, results: 30, effectedRow: 30.
2018-06-20 14:03:55.883 +08:00 [Verbose] Left 1 Success 94 Error 0 Total 95 Dowload 62 Extract 25 Pipeline 1
2018-06-20 14:03:55.967 +08:00 [Information] Crawl: https://news.cnblogs.com/n/page/95 success, results: 30, effectedRow: 30.
2018-06-20 14:03:56.968 +08:00 [Verbose] Left 1 Success 95 Error 0 Total 96 Dowload 63 Extract 20 Pipeline 1
2018-06-20 14:03:57.059 +08:00 [Information] Crawl: https://news.cnblogs.com/n/page/96 success, results: 30, effectedRow: 30.
2018-06-20 14:03:58.063 +08:00 [Verbose] Left 1 Success 96 Error 0 Total 97 Dowload 61 Extract 25 Pipeline 2
2018-06-20 14:03:58.140 +08:00 [Information] Crawl: https://news.cnblogs.com/n/page/97 success, results: 30, effectedRow: 30.
2018-06-20 14:03:59.152 +08:00 [Verbose] Left 1 Success 97 Error 0 Total 98 Dowload 60 Extract 20 Pipeline 6
2018-06-20 14:03:59.232 +08:00 [Information] Crawl: https://news.cnblogs.com/n/page/98 success, results: 30, effectedRow: 30.
2018-06-20 14:04:00.233 +08:00 [Verbose] Left 1 Success 98 Error 0 Total 99 Dowload 61 Extract 18 Pipeline 3
2018-06-20 14:04:00.322 +08:00 [Information] Crawl: https://news.cnblogs.com/n/page/99 success, results: 30, effectedRow: 30.
2018-06-20 14:04:01.331 +08:00 [Verbose] Left 1 Success 99 Error 0 Total 100 Dowload 63 Extract 19 Pipeline 2
2018-06-20 14:04:01.443 +08:00 [Information] Crawl: https://news.cnblogs.com/n/page/100 success, results: 30, effectedRow: 30.
2018-06-20 14:04:02.444 +08:00 [Verbose] Left 1 Success 100 Error 0 Total 101 Dowload 79 Extract 17 Pipeline 1
2018-06-20 14:04:02.555 +08:00 [Information] Crawl: https://news.cnblogs.com/n/page/101 success, results: 30, effectedRow: 30.
2018-06-20 14:04:03.558 +08:00 [Verbose] Left 1 Success 101 Error 0 Total 102 Dowload 76 Extract 26 Pipeline 1
2018-06-20 14:04:03.633 +08:00 [Information] Crawl: https://news.cnblogs.com/n/page/102 success, results: 30, effectedRow: 30.
2018-06-20 14:04:04.656 +08:00 [Verbose] Left 1 Success 102 Error 0 Total 103 Dowload 61 Extract 26 Pipeline 1
2018-06-20 14:04:04.726 +08:00 [Information] Crawl: https://news.cnblogs.com/n/page/103 success, results: 30, effectedRow: 30.
2018-06-20 14:04:05.728 +08:00 [Verbose] Left 1 Success 103 Error 0 Total 104 Dowload 54 Extract 21 Pipeline 1
2018-06-20 14:04:05.818 +08:00 [Information] Crawl: https://news.cnblogs.com/n/page/104 success, results: 30, effectedRow: 30.
2018-06-20 14:04:06.820 +08:00 [Verbose] Left 1 Success 104 Error 0 Total 105 Dowload 49 Extract 31 Pipeline 1
2018-06-20 14:04:06.898 +08:00 [Information] Crawl: https://news.cnblogs.com/n/page/105 success, results: 30, effectedRow: 30.
2018-06-20 14:04:07.899 +08:00 [Verbose] Left 1 Success 105 Error 0 Total 106 Dowload 47 Extract 30 Pipeline 1
2018-06-20 14:04:07.977 +08:00 [Information] Crawl: https://news.cnblogs.com/n/page/106 success, results: 30, effectedRow: 30.
2018-06-20 14:04:08.978 +08:00 [Verbose] Left 1 Success 106 Error 0 Total 107 Dowload 52 Extract 23 Pipeline 0
2018-06-20 14:04:09.050 +08:00 [Information] Crawl: https://news.cnblogs.com/n/page/107 success, results: 30, effectedRow: 30.
2018-06-20 14:04:10.052 +08:00 [Verbose] Left 1 Success 107 Error 0 Total 108 Dowload 49 Extract 20 Pipeline 0
2018-06-20 14:04:10.111 +08:00 [Information] Crawl: https://news.cnblogs.com/n/page/108 success, results: 30, effectedRow: 30.
2018-06-20 14:04:11.113 +08:00 [Verbose] Left 1 Success 108 Error 0 Total 109 Dowload 46 Extract 17 Pipeline 0
2018-06-20 14:04:11.194 +08:00 [Information] Crawl: https://news.cnblogs.com/n/page/109 success, results: 30, effectedRow: 30.
2018-06-20 14:04:12.195 +08:00 [Verbose] Left 1 Success 109 Error 0 Total 110 Dowload 50 Extract 20 Pipeline 0
2018-06-20 14:04:12.272 +08:00 [Information] Crawl: https://news.cnblogs.com/n/page/110 success, results: 30, effectedRow: 30.
2018-06-20 14:04:13.283 +08:00 [Verbose] Left 1 Success 110 Error 0 Total 111 Dowload 48 Extract 24 Pipeline 5
2018-06-20 14:04:13.343 +08:00 [Information] Crawl: https://news.cnblogs.com/n/page/111 success, results: 30, effectedRow: 30.
2018-06-20 14:04:27.347 +08:00 [Information] Build custom component...
2018-06-20 14:04:27.433 +08:00 [Information] Build internal component...
2018-06-20 14:04:27.449 +08:00 [Information] Add start urls to scheduler, count 1.
2018-06-20 14:04:27.483 +08:00 [Verbose] Left 1 Success 0 Error 0 Total 1 Dowload 0 Extract 0 Pipeline 0
2018-06-20 14:04:28.368 +08:00 [Information] Crawl: https://news.cnblogs.com/n/page/1 success, results: 30, effectedRow: 30.
2018-06-20 14:04:29.370 +08:00 [Verbose] Left 1 Success 1 Error 0 Total 2 Dowload 299 Extract 97 Pipeline 42
2018-06-20 14:04:29.466 +08:00 [Information] Crawl: https://news.cnblogs.com/n/page/2 success, results: 30, effectedRow: 30.
2018-06-20 14:04:30.468 +08:00 [Verbose] Left 1 Success 2 Error 0 Total 3 Dowload 170 Extract 57 Pipeline 39
2018-06-20 14:04:30.579 +08:00 [Information] Crawl: https://news.cnblogs.com/n/page/3 success, results: 30, effectedRow: 30.
2018-06-20 14:04:31.582 +08:00 [Verbose] Left 1 Success 3 Error 0 Total 4 Dowload 107 Extract 43 Pipeline 37
2018-06-20 14:04:31.670 +08:00 [Information] Crawl: https://news.cnblogs.com/n/page/4 success, results: 30, effectedRow: 30.
2018-06-20 14:04:32.673 +08:00 [Verbose] Left 1 Success 4 Error 0 Total 5 Dowload 79 Extract 27 Pipeline 31
2018-06-20 14:04:32.838 +08:00 [Information] Crawl: https://news.cnblogs.com/n/page/5 success, results: 30, effectedRow: 30.
2018-06-20 14:04:33.840 +08:00 [Verbose] Left 1 Success 5 Error 0 Total 6 Dowload 72 Extract 48 Pipeline 27
2018-06-20 14:04:33.936 +08:00 [Information] Crawl: https://news.cnblogs.com/n/page/6 success, results: 30, effectedRow: 30.
2018-06-20 14:04:34.937 +08:00 [Verbose] Left 1 Success 6 Error 0 Total 7 Dowload 59 Extract 36 Pipeline 25
2018-06-20 14:04:35.037 +08:00 [Information] Crawl: https://news.cnblogs.com/n/page/7 success, results: 30, effectedRow: 30.
2018-06-20 14:04:36.038 +08:00 [Verbose] Left 1 Success 7 Error 0 Total 8 Dowload 54 Extract 24 Pipeline 30
2018-06-20 14:04:36.133 +08:00 [Information] Crawl: https://news.cnblogs.com/n/page/8 success, results: 30, effectedRow: 30.
2018-06-20 14:04:37.136 +08:00 [Verbose] Left 1 Success 8 Error 0 Total 9 Dowload 51 Extract 22 Pipeline 27
2018-06-20 14:04:37.230 +08:00 [Information] Crawl: https://news.cnblogs.com/n/page/9 success, results: 30, effectedRow: 30.
2018-06-20 14:04:38.231 +08:00 [Verbose] Left 1 Success 9 Error 0 Total 10 Dowload 50 Extract 21 Pipeline 25
2018-06-20 14:04:38.331 +08:00 [Information] Crawl: https://news.cnblogs.com/n/page/10 success, results: 30, effectedRow: 30.
2018-06-20 14:04:39.331 +08:00 [Verbose] Left 1 Success 10 Error 0 Total 11 Dowload 48 Extract 23 Pipeline 25
2018-06-20 14:04:39.426 +08:00 [Information] Crawl: https://news.cnblogs.com/n/page/11 success, results: 30, effectedRow: 30.
2018-06-20 14:04:40.428 +08:00 [Verbose] Left 1 Success 11 Error 0 Total 12 Dowload 44 Extract 23 Pipeline 27
2018-06-20 14:04:40.517 +08:00 [Information] Crawl: https://news.cnblogs.com/n/page/12 success, results: 30, effectedRow: 30.
2018-06-20 14:04:41.518 +08:00 [Verbose] Left 1 Success 12 Error 0 Total 13 Dowload 47 Extract 18 Pipeline 26
2018-06-20 14:04:41.616 +08:00 [Information] Crawl: https://news.cnblogs.com/n/page/13 success, results: 30, effectedRow: 30.
2018-06-20 14:04:42.617 +08:00 [Verbose] Left 1 Success 13 Error 0 Total 14 Dowload 46 Extract 22 Pipeline 25
2018-06-20 14:04:42.722 +08:00 [Information] Crawl: https://news.cnblogs.com/n/page/14 success, results: 30, effectedRow: 30.
2018-06-20 14:04:43.722 +08:00 [Verbose] Left 1 Success 14 Error 0 Total 15 Dowload 45 Extract 25 Pipeline 26
2018-06-20 14:04:43.814 +08:00 [Information] Crawl: https://news.cnblogs.com/n/page/15 success, results: 30, effectedRow: 30.
2018-06-20 14:04:44.815 +08:00 [Verbose] Left 1 Success 15 Error 0 Total 16 Dowload 45 Extract 22 Pipeline 25
2018-06-20 14:04:44.902 +08:00 [Information] Crawl: https://news.cnblogs.com/n/page/16 success, results: 30, effectedRow: 30.
2018-06-20 14:04:45.904 +08:00 [Verbose] Left 1 Success 16 Error 0 Total 17 Dowload 45 Extract 19 Pipeline 24
2018-06-20 14:04:46.002 +08:00 [Information] Crawl: https://news.cnblogs.com/n/page/17 success, results: 30, effectedRow: 30.
2018-06-20 14:04:47.002 +08:00 [Verbose] Left 1 Success 17 Error 0 Total 18 Dowload 44 Extract 22 Pipeline 25
2018-06-20 14:04:47.088 +08:00 [Information] Crawl: https://news.cnblogs.com/n/page/18 success, results: 30, effectedRow: 30.
2018-06-20 14:04:48.089 +08:00 [Verbose] Left 1 Success 18 Error 0 Total 19 Dowload 45 Extract 18 Pipeline 24
2018-06-20 14:04:48.170 +08:00 [Information] Crawl: https://news.cnblogs.com/n/page/19 success, results: 30, effectedRow: 30.
2018-06-20 14:04:49.171 +08:00 [Verbose] Left 1 Success 19 Error 0 Total 20 Dowload 44 Extract 15 Pipeline 24
2018-06-20 14:04:49.255 +08:00 [Information] Crawl: https://news.cnblogs.com/n/page/20 success, results: 30, effectedRow: 30.
2018-06-20 14:04:50.256 +08:00 [Verbose] Left 1 Success 20 Error 0 Total 21 Dowload 45 Extract 15 Pipeline 22
2018-06-20 14:04:50.371 +08:00 [Information] Crawl: https://news.cnblogs.com/n/page/21 success, results: 30, effectedRow: 30.
2018-06-20 14:04:51.372 +08:00 [Verbose] Left 1 Success 21 Error 0 Total 22 Dowload 45 Extract 28 Pipeline 24
2018-06-20 14:04:51.463 +08:00 [Information] Crawl: https://news.cnblogs.com/n/page/22 success, results: 30, effectedRow: 30.
2018-06-20 14:04:52.464 +08:00 [Verbose] Left 1 Success 22 Error 0 Total 23 Dowload 46 Extract 21 Pipeline 25
2018-06-20 14:04:52.564 +08:00 [Information] Crawl: https://news.cnblogs.com/n/page/23 success, results: 30, effectedRow: 30.
2018-06-20 14:04:53.565 +08:00 [Verbose] Left 1 Success 23 Error 0 Total 24 Dowload 45 Extract 27 Pipeline 23
2018-06-20 14:04:53.681 +08:00 [Information] Crawl: https://news.cnblogs.com/n/page/24 success, results: 30, effectedRow: 30.
2018-06-20 14:04:54.682 +08:00 [Verbose] Left 1 Success 24 Error 0 Total 25 Dowload 45 Extract 29 Pipeline 30
2018-06-20 14:04:54.774 +08:00 [Information] Crawl: https://news.cnblogs.com/n/page/25 success, results: 30, effectedRow: 30.
2018-06-20 14:04:55.792 +08:00 [Verbose] Left 1 Success 25 Error 0 Total 26 Dowload 44 Extract 22 Pipeline 30
2018-06-20 14:04:55.879 +08:00 [Information] Crawl: https://news.cnblogs.com/n/page/26 success, results: 30, effectedRow: 30.
2018-06-20 14:04:56.880 +08:00 [Verbose] Left 1 Success 26 Error 0 Total 27 Dowload 45 Extract 19 Pipeline 26
2018-06-20 14:04:56.996 +08:00 [Information] Crawl: https://news.cnblogs.com/n/page/27 success, results: 30, effectedRow: 30.
2018-06-20 14:04:57.997 +08:00 [Verbose] Left 1 Success 27 Error 0 Total 28 Dowload 48 Extract 24 Pipeline 30
2018-06-20 14:04:58.102 +08:00 [Information] Crawl: https://news.cnblogs.com/n/page/28 success, results: 30, effectedRow: 30.
2018-06-20 14:04:59.103 +08:00 [Verbose] Left 1 Success 28 Error 0 Total 29 Dowload 45 Extract 26 Pipeline 31
2018-06-20 14:04:59.192 +08:00 [Information] Crawl: https://news.cnblogs.com/n/page/29 success, results: 30, effectedRow: 30.
2018-06-20 14:05:00.192 +08:00 [Verbose] Left 1 Success 29 Error 0 Total 30 Dowload 46 Extract 21 Pipeline 27
2018-06-20 14:05:00.304 +08:00 [Information] Crawl: https://news.cnblogs.com/n/page/30 success, results: 30, effectedRow: 30.
2018-06-20 14:05:01.304 +08:00 [Verbose] Left 1 Success 30 Error 0 Total 31 Dowload 52 Extract 20 Pipeline 30
2018-06-20 14:05:01.408 +08:00 [Information] Crawl: https://news.cnblogs.com/n/page/31 success, results: 30, effectedRow: 30.
2018-06-20 14:05:02.409 +08:00 [Verbose] Left 1 Success 31 Error 0 Total 32 Dowload 51 Extract 22 Pipeline 29
2018-06-20 14:05:02.517 +08:00 [Information] Crawl: https://news.cnblogs.com/n/page/32 success, results: 30, effectedRow: 30.
2018-06-20 14:05:03.518 +08:00 [Verbose] Left 1 Success 32 Error 0 Total 33 Dowload 56 Extract 19 Pipeline 28
2018-06-20 14:05:03.654 +08:00 [Information] Crawl: https://news.cnblogs.com/n/page/33 success, results: 30, effectedRow: 30.
2018-06-20 14:05:04.655 +08:00 [Verbose] Left 1 Success 33 Error 0 Total 34 Dowload 50 Extract 40 Pipeline 27
2018-06-20 14:05:04.741 +08:00 [Information] Crawl: https://news.cnblogs.com/n/page/34 success, results: 30, effectedRow: 30.
2018-06-20 14:05:05.742 +08:00 [Verbose] Left 1 Success 34 Error 0 Total 35 Dowload 46 Extract 28 Pipeline 26
2018-06-20 14:05:05.842 +08:00 [Information] Crawl: https://news.cnblogs.com/n/page/35 success, results: 30, effectedRow: 30.
2018-06-20 14:05:06.843 +08:00 [Verbose] Left 1 Success 35 Error 0 Total 36 Dowload 44 Extract 28 Pipeline 26
2018-06-20 14:05:06.947 +08:00 [Information] Crawl: https://news.cnblogs.com/n/page/36 success, results: 30, effectedRow: 30.
2018-06-20 14:05:07.948 +08:00 [Verbose] Left 1 Success 36 Error 0 Total 37 Dowload 43 Extract 27 Pipeline 30
2018-06-20 14:05:08.039 +08:00 [Information] Crawl: https://news.cnblogs.com/n/page/37 success, results: 30, effectedRow: 30.
2018-06-20 14:05:09.039 +08:00 [Verbose] Left 1 Success 37 Error 0 Total 38 Dowload 46 Extract 21 Pipeline 26
2018-06-20 14:05:09.145 +08:00 [Information] Crawl: https://news.cnblogs.com/n/page/38 success, results: 30, effectedRow: 30.
2018-06-20 14:05:10.146 +08:00 [Verbose] Left 1 Success 38 Error 0 Total 39 Dowload 44 Extract 25 Pipeline 28
2018-06-20 14:05:10.272 +08:00 [Information] Crawl: https://news.cnblogs.com/n/page/39 success, results: 30, effectedRow: 30.
2018-06-20 14:05:11.275 +08:00 [Verbose] Left 1 Success 39 Error 0 Total 40 Dowload 46 Extract 36 Pipeline 27
2018-06-20 14:05:11.376 +08:00 [Information] Crawl: https://news.cnblogs.com/n/page/40 success, results: 30, effectedRow: 30.
2018-06-20 14:05:12.377 +08:00 [Verbose] Left 1 Success 40 Error 0 Total 41 Dowload 45 Extract 32 Pipeline 26
2018-06-20 14:05:12.469 +08:00 [Information] Crawl: https://news.cnblogs.com/n/page/41 success, results: 30, effectedRow: 30.
2018-06-20 14:05:13.470 +08:00 [Verbose] Left 1 Success 41 Error 0 Total 42 Dowload 45 Extract 24 Pipeline 26
2018-06-20 14:05:13.559 +08:00 [Information] Crawl: https://news.cnblogs.com/n/page/42 success, results: 30, effectedRow: 30.
2018-06-20 14:05:14.565 +08:00 [Verbose] Left 1 Success 42 Error 0 Total 43 Dowload 45 Extract 21 Pipeline 25
2018-06-20 14:05:14.649 +08:00 [Information] Crawl: https://news.cnblogs.com/n/page/43 success, results: 30, effectedRow: 30.
2018-06-20 14:05:15.649 +08:00 [Verbose] Left 1 Success 43 Error 0 Total 44 Dowload 44 Extract 19 Pipeline 23
2018-06-20 14:05:15.750 +08:00 [Information] Crawl: https://news.cnblogs.com/n/page/44 success, results: 30, effectedRow: 30.
2018-06-20 14:05:16.751 +08:00 [Verbose] Left 1 Success 44 Error 0 Total 45 Dowload 46 Extract 24 Pipeline 22
2018-06-20 14:05:16.858 +08:00 [Information] Crawl: https://news.cnblogs.com/n/page/45 success, results: 30, effectedRow: 30.
2018-06-20 14:05:17.859 +08:00 [Verbose] Left 1 Success 45 Error 0 Total 46 Dowload 46 Extract 27 Pipeline 25
2018-06-20 14:05:17.938 +08:00 [Information] Crawl: https://news.cnblogs.com/n/page/46 success, results: 30, effectedRow: 30.
2018-06-20 14:05:18.938 +08:00 [Verbose] Left 1 Success 46 Error 0 Total 47 Dowload 44 Extract 20 Pipeline 23
2018-06-20 14:05:19.033 +08:00 [Information] Crawl: https://news.cnblogs.com/n/page/47 success, results: 30, effectedRow: 30.
2018-06-20 14:05:20.034 +08:00 [Verbose] Left 1 Success 47 Error 0 Total 48 Dowload 44 Extract 22 Pipeline 24
2018-06-20 14:05:20.108 +08:00 [Information] Crawl: https://news.cnblogs.com/n/page/48 success, results: 30, effectedRow: 30.
2018-06-20 14:05:21.108 +08:00 [Verbose] Left 1 Success 48 Error 0 Total 49 Dowload 48 Extract 20 Pipeline 13
2018-06-20 14:05:21.197 +08:00 [Information] Crawl: https://news.cnblogs.com/n/page/49 success, results: 30, effectedRow: 30.
2018-06-20 14:05:22.198 +08:00 [Verbose] Left 1 Success 49 Error 0 Total 50 Dowload 47 Extract 18 Pipeline 18
2018-06-20 14:05:22.286 +08:00 [Information] Crawl: https://news.cnblogs.com/n/page/50 success, results: 30, effectedRow: 30.
2018-06-20 14:05:23.287 +08:00 [Verbose] Left 1 Success 50 Error 0 Total 51 Dowload 47 Extract 16 Pipeline 21
2018-06-20 14:05:23.357 +08:00 [Information] Crawl: https://news.cnblogs.com/n/page/51 success, results: 30, effectedRow: 30.
2018-06-20 14:05:24.358 +08:00 [Verbose] Left 1 Success 51 Error 0 Total 52 Dowload 44 Extract 20 Pipeline 11
2018-06-20 14:05:24.435 +08:00 [Information] Crawl: https://news.cnblogs.com/n/page/52 success, results: 30, effectedRow: 30.
2018-06-20 14:05:25.436 +08:00 [Verbose] Left 1 Success 52 Error 0 Total 53 Dowload 45 Extract 23 Pipeline 6
2018-06-20 14:05:25.513 +08:00 [Information] Crawl: https://news.cnblogs.com/n/page/53 success, results: 30, effectedRow: 30.
2018-06-20 14:05:26.514 +08:00 [Verbose] Left 1 Success 53 Error 0 Total 54 Dowload 43 Extract 27 Pipeline 4
2018-06-20 14:05:26.591 +08:00 [Information] Crawl: https://news.cnblogs.com/n/page/54 success, results: 30, effectedRow: 30.
2018-06-20 14:05:27.592 +08:00 [Verbose] Left 1 Success 54 Error 0 Total 55 Dowload 44 Extract 28 Pipeline 2
2018-06-20 14:05:27.680 +08:00 [Information] Crawl: https://news.cnblogs.com/n/page/55 success, results: 30, effectedRow: 30.
2018-06-20 14:05:28.682 +08:00 [Verbose] Left 1 Success 55 Error 0 Total 56 Dowload 44 Extract 21 Pipeline 15
2018-06-20 14:05:28.847 +08:00 [Information] Crawl: https://news.cnblogs.com/n/page/56 success, results: 30, effectedRow: 30.
2018-06-20 14:05:29.847 +08:00 [Verbose] Left 1 Success 56 Error 0 Total 57 Dowload 45 Extract 48 Pipeline 28
2018-06-20 14:05:29.949 +08:00 [Information] Crawl: https://news.cnblogs.com/n/page/57 success, results: 30, effectedRow: 30.
2018-06-20 14:05:30.950 +08:00 [Verbose] Left 1 Success 57 Error 0 Total 58 Dowload 49 Extract 35 Pipeline 25
2018-06-20 14:05:31.034 +08:00 [Information] Crawl: https://news.cnblogs.com/n/page/58 success, results: 30, effectedRow: 30.
2018-06-20 14:05:32.045 +08:00 [Verbose] Left 1 Success 58 Error 0 Total 59 Dowload 45 Extract 25 Pipeline 24
2018-06-20 14:05:32.130 +08:00 [Information] Crawl: https://news.cnblogs.com/n/page/59 success, results: 30, effectedRow: 30.
2018-06-20 14:05:33.131 +08:00 [Verbose] Left 1 Success 59 Error 0 Total 60 Dowload 45 Extract 21 Pipeline 22
2018-06-20 14:05:33.231 +08:00 [Information] Crawl: https://news.cnblogs.com/n/page/60 success, results: 30, effectedRow: 30.
2018-06-20 14:05:34.231 +08:00 [Verbose] Left 1 Success 60 Error 0 Total 61 Dowload 44 Extract 23 Pipeline 25
2018-06-20 14:05:34.320 +08:00 [Information] Crawl: https://news.cnblogs.com/n/page/61 success, results: 30, effectedRow: 30.
2018-06-20 14:05:35.321 +08:00 [Verbose] Left 1 Success 61 Error 0 Total 62 Dowload 45 Extract 20 Pipeline 24
2018-06-20 14:05:35.407 +08:00 [Information] Crawl: https://news.cnblogs.com/n/page/62 success, results: 30, effectedRow: 30.
2018-06-20 14:05:36.408 +08:00 [Verbose] Left 1 Success 62 Error 0 Total 63 Dowload 46 Extract 18 Pipeline 23
2018-06-20 14:05:36.495 +08:00 [Information] Crawl: https://news.cnblogs.com/n/page/63 success, results: 30, effectedRow: 30.
2018-06-20 14:05:37.496 +08:00 [Verbose] Left 1 Success 63 Error 0 Total 64 Dowload 45 Extract 17 Pipeline 24
2018-06-20 14:05:37.593 +08:00 [Information] Crawl: https://news.cnblogs.com/n/page/64 success, results: 30, effectedRow: 30.
2018-06-20 14:05:38.593 +08:00 [Verbose] Left 1 Success 64 Error 0 Total 65 Dowload 44 Extract 23 Pipeline 23
2018-06-20 14:05:38.682 +08:00 [Information] Crawl: https://news.cnblogs.com/n/page/65 success, results: 30, effectedRow: 30.
2018-06-20 14:05:39.683 +08:00 [Verbose] Left 1 Success 65 Error 0 Total 66 Dowload 45 Extract 20 Pipeline 23
2018-06-20 14:05:39.761 +08:00 [Information] Crawl: https://news.cnblogs.com/n/page/66 success, results: 30, effectedRow: 30.
